<?xml version="1.0" encoding="UTF-8"?>
<!-- Generated by org.testng.reporters.JUnitReportReporter -->
<testsuite hostname="bansahu-PF17URY2" failures="0" tests="4" name="testNgselenium.dataprovideTest" time="2278.657" errors="1" timestamp="09 Jan 2024 07:44:17 GMT" skipped="3">
  <testcase classname="testNgselenium.dataprovideTest" name="datatest" time="0.000">
    <skipped/>
  </testcase> <!-- datatest -->
  <testcase classname="testNgselenium.dataprovideTest" name="datatest" time="0.000">
    <skipped/>
  </testcase> <!-- datatest -->
  <testcase classname="testNgselenium.dataprovideTest" name="datatest" time="0.000">
    <skipped/>
  </testcase> <!-- datatest -->
  <testcase classname="testNgselenium.dataprovideTest" name="setup" time="2278.657">
    <error message="io.github.bonigarcia.wdm.config.WebDriverManagerException: org.apache.hc.client5.http.HttpHostConnectException: Connect to https://chromedriver.storage.googleapis.com:443 [chromedriver.storage.googleapis.com/142.250.192.123, chromedriver.storage.googleapis.com/142.250.192.91, chromedriver.storage.googleapis.com/142.250.67.187, chromedriver.storage.googleapis.com/142.250.71.123, chromedriver.storage.googleapis.com/172.217.160.219, chromedriver.storage.googleapis.com/142.250.183.91, chromedriver.storage.googleapis.com/142.250.192.59, chromedriver.storage.googleapis.com/142.250.183.123, chromedriver.storage.googleapis.com/142.251.42.59, chromedriver.storage.googleapis.com/142.250.76.187, chromedriver.storage.googleapis.com/142.250.183.59, chromedriver.storage.googleapis.com/142.250.192.155, chromedriver.storage.googleapis.com/142.250.67.251, chromedriver.storage.googleapis.com/142.250.192.27, chromedriver.storage.googleapis.com/142.251.42.91, chromedriver.storage.googleapis.com/142.250.76.219, chromedriver.storage.googleapis.com/2404:6800:4009:812:0:0:0:201b, chromedriver.storage.googleapis.com/2404:6800:4009:821:0:0:0:201b, chromedriver.storage.googleapis.com/2404:6800:4009:81b:0:0:0:201b, chromedriver.storage.googleapis.com/2404:6800:4009:81a:0:0:0:201b] failed: Connection timed out: no further information" type="io.github.bonigarcia.wdm.config.WebDriverManagerException">
      <![CDATA[io.github.bonigarcia.wdm.config.WebDriverManagerException: io.github.bonigarcia.wdm.config.WebDriverManagerException: org.apache.hc.client5.http.HttpHostConnectException: Connect to https://chromedriver.storage.googleapis.com:443 [chromedriver.storage.googleapis.com/142.250.192.123, chromedriver.storage.googleapis.com/142.250.192.91, chromedriver.storage.googleapis.com/142.250.67.187, chromedriver.storage.googleapis.com/142.250.71.123, chromedriver.storage.googleapis.com/172.217.160.219, chromedriver.storage.googleapis.com/142.250.183.91, chromedriver.storage.googleapis.com/142.250.192.59, chromedriver.storage.googleapis.com/142.250.183.123, chromedriver.storage.googleapis.com/142.251.42.59, chromedriver.storage.googleapis.com/142.250.76.187, chromedriver.storage.googleapis.com/142.250.183.59, chromedriver.storage.googleapis.com/142.250.192.155, chromedriver.storage.googleapis.com/142.250.67.251, chromedriver.storage.googleapis.com/142.250.192.27, chromedriver.storage.googleapis.com/142.251.42.91, chromedriver.storage.googleapis.com/142.250.76.219, chromedriver.storage.googleapis.com/2404:6800:4009:812:0:0:0:201b, chromedriver.storage.googleapis.com/2404:6800:4009:821:0:0:0:201b, chromedriver.storage.googleapis.com/2404:6800:4009:81b:0:0:0:201b, chromedriver.storage.googleapis.com/2404:6800:4009:81a:0:0:0:201b] failed: Connection timed out: no further information
at io.github.bonigarcia.wdm.WebDriverManager.handleException(WebDriverManager.java:1409)
at io.github.bonigarcia.wdm.WebDriverManager.manage(WebDriverManager.java:1183)
at io.github.bonigarcia.wdm.WebDriverManager.fallback(WebDriverManager.java:1425)
at io.github.bonigarcia.wdm.WebDriverManager.handleException(WebDriverManager.java:1406)
at io.github.bonigarcia.wdm.WebDriverManager.manage(WebDriverManager.java:1183)
at io.github.bonigarcia.wdm.WebDriverManager.handleException(WebDriverManager.java:1399)
at io.github.bonigarcia.wdm.WebDriverManager.manage(WebDriverManager.java:1183)
at io.github.bonigarcia.wdm.WebDriverManager.setup(WebDriverManager.java:425)
at testNgselenium.dataprovideTest.setup(dataprovideTest.java:18)
at java.base/jdk.internal.reflect.NativeMethodAccessorImpl.invoke0(Native Method)
at java.base/jdk.internal.reflect.NativeMethodAccessorImpl.invoke(NativeMethodAccessorImpl.java:77)
at java.base/jdk.internal.reflect.DelegatingMethodAccessorImpl.invoke(DelegatingMethodAccessorImpl.java:43)
at java.base/java.lang.reflect.Method.invoke(Method.java:568)
at org.testng.internal.MethodInvocationHelper.invokeMethod(MethodInvocationHelper.java:124)
at org.testng.internal.MethodInvocationHelper.invokeMethodConsideringTimeout(MethodInvocationHelper.java:59)
at org.testng.internal.Invoker.invokeConfigurationMethod(Invoker.java:458)
at org.testng.internal.Invoker.invokeConfigurations(Invoker.java:222)
at org.testng.internal.Invoker.invokeMethod(Invoker.java:523)
at org.testng.internal.Invoker.invokeTestMethod(Invoker.java:719)
at org.testng.internal.Invoker.invokeTestMethods(Invoker.java:989)
at org.testng.internal.TestMethodWorker.invokeTestMethods(TestMethodWorker.java:125)
at org.testng.internal.TestMethodWorker.run(TestMethodWorker.java:109)
at org.testng.TestRunner.privateRun(TestRunner.java:648)
at org.testng.TestRunner.run(TestRunner.java:505)
at org.testng.SuiteRunner.runTest(SuiteRunner.java:455)
at org.testng.SuiteRunner.runSequentially(SuiteRunner.java:450)
at org.testng.SuiteRunner.privateRun(SuiteRunner.java:415)
at org.testng.SuiteRunner.run(SuiteRunner.java:364)
at org.testng.SuiteRunnerWorker.runSuite(SuiteRunnerWorker.java:52)
at org.testng.SuiteRunnerWorker.run(SuiteRunnerWorker.java:84)
at org.testng.TestNG.runSuitesSequentially(TestNG.java:1208)
at org.testng.TestNG.runSuitesLocally(TestNG.java:1137)
at org.testng.TestNG.runSuites(TestNG.java:1049)
at org.testng.TestNG.run(TestNG.java:1017)
at org.testng.remote.AbstractRemoteTestNG.run(AbstractRemoteTestNG.java:115)
at org.testng.remote.RemoteTestNG.initAndRun(RemoteTestNG.java:251)
at org.testng.remote.RemoteTestNG.main(RemoteTestNG.java:77)
Caused by: io.github.bonigarcia.wdm.config.WebDriverManagerException: org.apache.hc.client5.http.HttpHostConnectException: Connect to https://chromedriver.storage.googleapis.com:443 [chromedriver.storage.googleapis.com/142.250.192.123, chromedriver.storage.googleapis.com/142.250.192.91, chromedriver.storage.googleapis.com/142.250.67.187, chromedriver.storage.googleapis.com/142.250.71.123, chromedriver.storage.googleapis.com/172.217.160.219, chromedriver.storage.googleapis.com/142.250.183.91, chromedriver.storage.googleapis.com/142.250.192.59, chromedriver.storage.googleapis.com/142.250.183.123, chromedriver.storage.googleapis.com/142.251.42.59, chromedriver.storage.googleapis.com/142.250.76.187, chromedriver.storage.googleapis.com/142.250.183.59, chromedriver.storage.googleapis.com/142.250.192.155, chromedriver.storage.googleapis.com/142.250.67.251, chromedriver.storage.googleapis.com/142.250.192.27, chromedriver.storage.googleapis.com/142.251.42.91, chromedriver.storage.googleapis.com/142.250.76.219, chromedriver.storage.googleapis.com/2404:6800:4009:812:0:0:0:201b, chromedriver.storage.googleapis.com/2404:6800:4009:821:0:0:0:201b, chromedriver.storage.googleapis.com/2404:6800:4009:81b:0:0:0:201b, chromedriver.storage.googleapis.com/2404:6800:4009:81a:0:0:0:201b] failed: Connection timed out: no further information
at io.github.bonigarcia.wdm.WebDriverManager.getDriversFromXml(WebDriverManager.java:1562)
at io.github.bonigarcia.wdm.managers.ChromeDriverManager.getDriverUrls(ChromeDriverManager.java:108)
at io.github.bonigarcia.wdm.WebDriverManager.createUrlHandler(WebDriverManager.java:1430)
at io.github.bonigarcia.wdm.WebDriverManager.download(WebDriverManager.java:1258)
at io.github.bonigarcia.wdm.WebDriverManager.manage(WebDriverManager.java:1177)
... 35 more
Caused by: org.apache.hc.client5.http.HttpHostConnectException: Connect to https://chromedriver.storage.googleapis.com:443 [chromedriver.storage.googleapis.com/142.250.192.123, chromedriver.storage.googleapis.com/142.250.192.91, chromedriver.storage.googleapis.com/142.250.67.187, chromedriver.storage.googleapis.com/142.250.71.123, chromedriver.storage.googleapis.com/172.217.160.219, chromedriver.storage.googleapis.com/142.250.183.91, chromedriver.storage.googleapis.com/142.250.192.59, chromedriver.storage.googleapis.com/142.250.183.123, chromedriver.storage.googleapis.com/142.251.42.59, chromedriver.storage.googleapis.com/142.250.76.187, chromedriver.storage.googleapis.com/142.250.183.59, chromedriver.storage.googleapis.com/142.250.192.155, chromedriver.storage.googleapis.com/142.250.67.251, chromedriver.storage.googleapis.com/142.250.192.27, chromedriver.storage.googleapis.com/142.251.42.91, chromedriver.storage.googleapis.com/142.250.76.219, chromedriver.storage.googleapis.com/2404:6800:4009:812:0:0:0:201b, chromedriver.storage.googleapis.com/2404:6800:4009:821:0:0:0:201b, chromedriver.storage.googleapis.com/2404:6800:4009:81b:0:0:0:201b, chromedriver.storage.googleapis.com/2404:6800:4009:81a:0:0:0:201b] failed: Connection timed out: no further information
at java.base/sun.nio.ch.Net.pollConnect(Native Method)
at java.base/sun.nio.ch.Net.pollConnectNow(Net.java:672)
at java.base/sun.nio.ch.NioSocketImpl.timedFinishConnect(NioSocketImpl.java:549)
at java.base/sun.nio.ch.NioSocketImpl.connect(NioSocketImpl.java:597)
at java.base/java.net.SocksSocketImpl.connect(SocksSocketImpl.java:327)
at java.base/java.net.Socket.connect(Socket.java:633)
at org.apache.hc.client5.http.ssl.SSLConnectionSocketFactory.lambda$connectSocket$0(SSLConnectionSocketFactory.java:232)
at java.base/java.security.AccessController.doPrivileged(AccessController.java:569)
at org.apache.hc.client5.http.ssl.SSLConnectionSocketFactory.connectSocket(SSLConnectionSocketFactory.java:231)
at org.apache.hc.client5.http.impl.io.DefaultHttpClientConnectionOperator.connect(DefaultHttpClientConnectionOperator.java:181)
at org.apache.hc.client5.http.impl.io.PoolingHttpClientConnectionManager.connect(PoolingHttpClientConnectionManager.java:447)
at org.apache.hc.client5.http.impl.classic.InternalExecRuntime.connectEndpoint(InternalExecRuntime.java:162)
at org.apache.hc.client5.http.impl.classic.InternalExecRuntime.connectEndpoint(InternalExecRuntime.java:172)
at org.apache.hc.client5.http.impl.classic.ConnectExec.execute(ConnectExec.java:142)
at org.apache.hc.client5.http.impl.classic.ExecChainElement.execute(ExecChainElement.java:51)
at org.apache.hc.client5.http.impl.classic.ProtocolExec.execute(ProtocolExec.java:192)
at org.apache.hc.client5.http.impl.classic.ExecChainElement.execute(ExecChainElement.java:51)
at org.apache.hc.client5.http.impl.classic.HttpRequestRetryExec.execute(HttpRequestRetryExec.java:96)
at org.apache.hc.client5.http.impl.classic.ExecChainElement.execute(ExecChainElement.java:51)
at org.apache.hc.client5.http.impl.classic.ContentCompressionExec.execute(ContentCompressionExec.java:152)
at org.apache.hc.client5.http.impl.classic.ExecChainElement.execute(ExecChainElement.java:51)
at org.apache.hc.client5.http.impl.classic.RedirectExec.execute(RedirectExec.java:115)
at org.apache.hc.client5.http.impl.classic.ExecChainElement.execute(ExecChainElement.java:51)
at org.apache.hc.client5.http.impl.classic.InternalHttpClient.doExecute(InternalHttpClient.java:170)
at org.apache.hc.client5.http.impl.classic.CloseableHttpClient.execute(CloseableHttpClient.java:87)
at org.apache.hc.client5.http.impl.classic.CloseableHttpClient.execute(CloseableHttpClient.java:55)
at org.apache.hc.client5.http.classic.HttpClient.executeOpen(HttpClient.java:183)
at io.github.bonigarcia.wdm.online.HttpClient.execute(HttpClient.java:162)
at io.github.bonigarcia.wdm.WebDriverManager.getDriversFromXml(WebDriverManager.java:1547)
... 39 more
]]>
    </error>
  </testcase> <!-- setup -->
</testsuite> <!-- testNgselenium.dataprovideTest -->
