<?xml version="1.0" encoding="UTF-8"?>
<!-- Generated by org.testng.reporters.JUnitReportReporter -->
<testsuite hostname="bansahu-PF17URY2" failures="0" tests="1" name="com.first.selenium.demo.Brokenlinkcheck" time="57.130" errors="0" timestamp="05 Sep 2023 15:37:15 GMT" skipped="0">
  <testcase classname="com.first.selenium.demo.Brokenlinkcheck" name="dropdown" time="57.130"/>
</testsuite> <!-- com.first.selenium.demo.Brokenlinkcheck -->
