<?xml version="1.0" encoding="UTF-8"?>
<!-- Generated by org.testng.reporters.JUnitReportReporter -->
<testsuite hostname="bansahu-PF17URY2" failures="0" tests="1" name="com.first.selenium.demo.HighlightElement" time="20.074" errors="0" timestamp="07 Sep 2023 10:27:59 GMT" skipped="0">
  <testcase classname="com.first.selenium.demo.HighlightElement" name="hightElement" time="20.074"/>
</testsuite> <!-- com.first.selenium.demo.HighlightElement -->
