<?xml version="1.0" encoding="UTF-8"?>
<!-- Generated by org.testng.reporters.JUnitReportReporter -->
<testsuite hostname="bansahu-PF17URY2" failures="0" tests="1" name="com.first.selenium.demo.SrollupAndDown" time="21.236" errors="0" timestamp="28 Aug 2023 03:49:02 GMT" skipped="0">
  <testcase classname="com.first.selenium.demo.SrollupAndDown" name="srollupdown" time="21.236"/>
</testsuite> <!-- com.first.selenium.demo.SrollupAndDown -->
