<?xml version="1.0" encoding="UTF-8"?>
<!-- Generated by org.testng.reporters.JUnitReportReporter -->
<testsuite hostname="bansahu-PF17URY2" failures="0" tests="1" name="com.first.selenium.demo.Csslocator" time="12.919" errors="0" timestamp="23 Sep 2023 04:28:01 GMT" skipped="0">
  <testcase classname="com.first.selenium.demo.Csslocator" name="test" time="12.919"/>
</testsuite> <!-- com.first.selenium.demo.Csslocator -->
