<?xml version="1.0" encoding="UTF-8"?>
<!-- Generated by org.testng.reporters.JUnitReportReporter -->
<testsuite hostname="bansahu-PF17URY2" failures="0" tests="1" name="com.first.selenium.demo.DatePickerautomate" time="11.155" errors="0" timestamp="26 Sep 2023 06:28:47 GMT" skipped="0">
  <testcase classname="com.first.selenium.demo.DatePickerautomate" name="datepickerTest" time="11.155"/>
</testsuite> <!-- com.first.selenium.demo.DatePickerautomate -->
