<?xml version="1.0" encoding="UTF-8"?>
<!-- Generated by org.testng.reporters.JUnitReportReporter -->
<testsuite hostname="bansahu-PF17URY2" failures="0" tests="1" name="com.first.selenium.demo.Restdemo" time="0.235" errors="1" timestamp="07 Sep 2023 10:30:14 GMT" skipped="0">
  <testcase classname="com.first.selenium.demo.Restdemo" name="textPost" time="0.235">
    <error message="Could not initialize class org.codehaus.groovy.reflection.ReflectionCache" type="java.lang.NoClassDefFoundError">
      <![CDATA[java.lang.NoClassDefFoundError: Could not initialize class org.codehaus.groovy.reflection.ReflectionCache
at org.codehaus.groovy.runtime.dgmimpl.NumberNumberMetaMethod.<clinit>(NumberNumberMetaMethod.java:33)
at java.base/jdk.internal.reflect.NativeConstructorAccessorImpl.newInstance0(Native Method)
at java.base/jdk.internal.reflect.NativeConstructorAccessorImpl.newInstance(NativeConstructorAccessorImpl.java:77)
at java.base/jdk.internal.reflect.DelegatingConstructorAccessorImpl.newInstance(DelegatingConstructorAccessorImpl.java:45)
at java.base/java.lang.reflect.Constructor.newInstanceWithCaller(Constructor.java:499)
at java.base/java.lang.reflect.Constructor.newInstance(Constructor.java:480)
at org.codehaus.groovy.runtime.metaclass.MetaClassRegistryImpl.createMetaMethodFromClass(MetaClassRegistryImpl.java:258)
at org.codehaus.groovy.runtime.metaclass.MetaClassRegistryImpl.<init>(MetaClassRegistryImpl.java:111)
at org.codehaus.groovy.runtime.metaclass.MetaClassRegistryImpl.<init>(MetaClassRegistryImpl.java:86)
at groovy.lang.GroovySystem.<clinit>(GroovySystem.java:36)
at org.codehaus.groovy.runtime.InvokerHelper.<clinit>(InvokerHelper.java:86)
at org.codehaus.groovy.runtime.ScriptBytecodeAdapter.createMap(ScriptBytecodeAdapter.java:635)
at io.restassured.internal.ResponseParserRegistrar.<init>(ResponseParserRegistrar.groovy)
at io.restassured.RestAssured.<clinit>(RestAssured.java:347)
at com.first.selenium.demo.Restdemo.textPost(Restdemo.java:44)
at java.base/jdk.internal.reflect.NativeMethodAccessorImpl.invoke0(Native Method)
at java.base/jdk.internal.reflect.NativeMethodAccessorImpl.invoke(NativeMethodAccessorImpl.java:77)
at java.base/jdk.internal.reflect.DelegatingMethodAccessorImpl.invoke(DelegatingMethodAccessorImpl.java:43)
at java.base/java.lang.reflect.Method.invoke(Method.java:568)
at org.testng.internal.MethodInvocationHelper.invokeMethod(MethodInvocationHelper.java:124)
at org.testng.internal.Invoker.invokeMethod(Invoker.java:583)
at org.testng.internal.Invoker.invokeTestMethod(Invoker.java:719)
at org.testng.internal.Invoker.invokeTestMethods(Invoker.java:989)
at org.testng.internal.TestMethodWorker.invokeTestMethods(TestMethodWorker.java:125)
at org.testng.internal.TestMethodWorker.run(TestMethodWorker.java:109)
at org.testng.TestRunner.privateRun(TestRunner.java:648)
at org.testng.TestRunner.run(TestRunner.java:505)
at org.testng.SuiteRunner.runTest(SuiteRunner.java:455)
at org.testng.SuiteRunner.runSequentially(SuiteRunner.java:450)
at org.testng.SuiteRunner.privateRun(SuiteRunner.java:415)
at org.testng.SuiteRunner.run(SuiteRunner.java:364)
at org.testng.SuiteRunnerWorker.runSuite(SuiteRunnerWorker.java:52)
at org.testng.SuiteRunnerWorker.run(SuiteRunnerWorker.java:84)
at org.testng.TestNG.runSuitesSequentially(TestNG.java:1208)
at org.testng.TestNG.runSuitesLocally(TestNG.java:1137)
at org.testng.TestNG.runSuites(TestNG.java:1049)
at org.testng.TestNG.run(TestNG.java:1017)
at org.testng.remote.AbstractRemoteTestNG.run(AbstractRemoteTestNG.java:115)
at org.testng.remote.RemoteTestNG.initAndRun(RemoteTestNG.java:251)
at org.testng.remote.RemoteTestNG.main(RemoteTestNG.java:77)
]]>
    </error>
  </testcase> <!-- textPost -->
</testsuite> <!-- com.first.selenium.demo.Restdemo -->
